{"resourceLogs":[{"resource":{},"scopeLogs":[{"scope":{},"logRecords":[{"timeUnixNano":"1776333065588684300","severityNumber":"SEVERITY_NUMBER_INFO","severityText":"INFO","body":{"kvlistValue":{"values":[{"key":"level","value":{"stringValue":"Information"}},{"key":"task","value":{"stringValue":"0"}},{"key":"execution","value":{"kvlistValue":{"values":[{"key":"process_id","value":{"intValue":"8000"}},{"key":"thread_id","value":{"intValue":"6856"}}]}}},{"key":"message","value":{"stringValue":"Endpoint Protection client is up and running in a healthy state.\r\n \tPlatform version: 4.18.26030.3011\r\n \tEngine version: 1.1.26030.3008\r\n \tSecurity intelligence version: 1.449.116.0\r\n"}},{"key":"keywords","value":{"arrayValue":{"values":[{"stringValue":"0x8000000000000000"}]}}},{"key":"provider","value":{"kvlistValue":{"values":[{"key":"name","value":{"stringValue":"Microsoft-Windows-Windows Defender"}},{"key":"guid","value":{"stringValue":"{11cd958a-c507-4ef3-b3f2-5fd9dfbd2c78}"}}]}}},{"key":"event_data","value":{"kvlistValue":{"values":[{"key":"Engine version","value":{"stringValue":"1.1.26030.3008"}},{"key":"Security intelligence version","value":{"stringValue":"1.449.116.0"}},{"key":"Product Name","value":{"stringValue":"Microsoft Defender Antivirus"}},{"key":"Platform version","value":{"stringValue":"4.18.26030.3011"}}]}}},{"key":"version","value":{"intValue":"0"}},{"key":"security","value":{"kvlistValue":{"values":[{"key":"user_name","value":{"stringValue":"SYSTEM"}},{"key":"domain","value":{"stringValue":"NT AUTHORITY"}},{"key":"user_type","value":{"stringValue":"WellKnownGroup"}},{"key":"user_id","value":{"stringValue":"S-1-5-18"}}]}}},{"key":"event_id","value":{"kvlistValue":{"values":[{"key":"qualifiers","value":{"intValue":"0"}},{"key":"id","value":{"intValue":"1150"}}]}}},{"key":"system_time","value":{"stringValue":"2026-04-16T09:51:05.5886843Z"}},{"key":"computer","value":{"stringValue":"glcwin2025"}},{"key":"channel","value":{"stringValue":"Microsoft-Windows-Windows Defender/Operational"}},{"key":"opcode","value":{"stringValue":"Info"}},{"key":"record_id","value":{"intValue":"3661"}}]}},"observedTimeUnixNano":"1776333067196051900"}]}]}]}
{"resourceLogs":[{"resource":{},"scopeLogs":[{"scope":{},"logRecords":[{"timeUnixNano":"1776275887114241200","severityNumber":"SEVERITY_NUMBER_INFO","severityText":"INFO","body":{"kvlistValue":{"values":[{"key":"computer","value":{"stringValue":"glcwin2022"}},{"key":"level","value":{"stringValue":"Information"}},{"key":"message","value":{"stringValue":"sshd: Failed password for invalid user root from 138.252.175.40 port 36868 ssh2"}},{"key":"task","value":{"stringValue":"0"}},{"key":"event_id","value":{"kvlistValue":{"values":[{"key":"qualifiers","value":{"intValue":"0"}},{"key":"id","value":{"intValue":"4"}}]}}},{"key":"record_id","value":{"intValue":"142560"}},{"key":"keywords","value":{"arrayValue":{"values":[{"stringValue":"0x4000000000000000"}]}}},{"key":"version","value":{"intValue":"0"}},{"key":"execution","value":{"kvlistValue":{"values":[{"key":"process_id","value":{"intValue":"4192"}},{"key":"thread_id","value":{"intValue":"5448"}}]}}},{"key":"provider","value":{"kvlistValue":{"values":[{"key":"guid","value":{"stringValue":"{c4b57d35-0636-4bc3-a262-370f249f9802}"}},{"key":"name","value":{"stringValue":"OpenSSH"}}]}}},{"key":"system_time","value":{"stringValue":"2026-04-15T17:58:07.1142412Z"}},{"key":"opcode","value":{"stringValue":"Info"}},{"key":"event_data","value":{"kvlistValue":{"values":[{"key":"process","value":{"stringValue":"sshd"}},{"key":"payload","value":{"stringValue":"Failed password for invalid user root from 138.252.175.40 port 36868 ssh2"}}]}}},{"key":"security","value":{"kvlistValue":{"values":[{"key":"user_name","value":{"stringValue":"SYSTEM"}},{"key":"domain","value":{"stringValue":"NT AUTHORITY"}},{"key":"user_type","value":{"stringValue":"WellKnownGroup"}},{"key":"user_id","value":{"stringValue":"S-1-5-18"}}]}}},{"key":"channel","value":{"stringValue":"OpenSSH/Operational"}}]}},"observedTimeUnixNano":"1776275888165801300"}]}]}]}
{"resourceLogs":[{"resource":{},"scopeLogs":[{"scope":{},"logRecords":[{"timeUnixNano":"1776332546101075600","severityNumber":"SEVERITY_NUMBER_INFO","severityText":"INFO","body":{"kvlistValue":{"values":[{"key":"computer","value":{"stringValue":"glcwin2025"}},{"key":"opcode","value":{"stringValue":"Info"}},{"key":"provider","value":{"kvlistValue":{"values":[{"key":"guid","value":{"stringValue":"{54849625-5478-4994-a5ba-3e3b0328c30d}"}},{"key":"name","value":{"stringValue":"Microsoft-Windows-Security-Auditing"}}]}}},{"key":"system_time","value":{"stringValue":"2026-04-16T09:42:26.1010756Z"}},{"key":"keywords","value":{"arrayValue":{"values":[{"stringValue":"Audit Success"}]}}},{"key":"event_data","value":{"kvlistValue":{"values":[{"key":"SubjectDomainName","value":{"stringValue":"WORKGROUP"}},{"key":"SubjectLogonId","value":{"stringValue":"0x3e7"}},{"key":"TargetSid","value":{"stringValue":"S-1-5-111-3847866527-469524349-687026318-516638107-1125189541-212"}},{"key":"AccessGranted","value":{"stringValue":"SeServiceLogonRight"}},{"key":"SubjectUserSid","value":{"stringValue":"S-1-5-18"}},{"key":"SubjectUserName","value":{"stringValue":"GLCWIN2025$"}}]}}},{"key":"execution","value":{"kvlistValue":{"values":[{"key":"process_id","value":{"intValue":"724"}},{"key":"thread_id","value":{"intValue":"4920"}}]}}},{"key":"outcome","value":{"stringValue":"success"}},{"key":"event_id","value":{"kvlistValue":{"values":[{"key":"qualifiers","value":{"intValue":"0"}},{"key":"id","value":{"intValue":"4717"}}]}}},{"key":"channel","value":{"stringValue":"Security"}},{"key":"level","value":{"stringValue":"Information"}},{"key":"message","value":{"stringValue":"System security access was granted to an account.\r\n\r\nSubject:\r\n\tSecurity ID:\t\tS-1-5-18\r\n\tAccount Name:\t\tGLCWIN2025$\r\n\tAccount Domain:\t\tWORKGROUP\r\n\tLogon ID:\t\t0x3E7\r\n\r\nAccount Modified:\r\n\tAccount Name:\t\tS-1-5-111-3847866527-469524349-687026318-516638107-1125189541-212\r\n\r\nAccess Granted:\r\n\tAccess Right:\t\tSeServiceLogonRight"}},{"key":"record_id","value":{"intValue":"695175"}},{"key":"task","value":{"stringValue":"Logoff"}},{"key":"version","value":{"intValue":"0"}},{"key":"correlation","value":{"kvlistValue":{"values":[{"key":"activity_id","value":{"stringValue":"{5a6596d9-b2ed-0001-9997-655aedb2dc01}"}}]}}}]}},"observedTimeUnixNano":"1776332547178827900"}]}]}]}
{"resourceLogs":[{"resource":{},"scopeLogs":[{"scope":{},"logRecords":[{"timeUnixNano":"1775838347915648200","severityNumber":"SEVERITY_NUMBER_INFO","severityText":"INFO","body":{"kvlistValue":{"values":[{"key":"event_id","value":{"kvlistValue":{"values":[{"key":"qualifiers","value":{"intValue":"0"}},{"key":"id","value":{"intValue":"4624"}}]}}},{"key":"task","value":{"stringValue":"Logon"}},{"key":"keywords","value":{"arrayValue":{"values":[{"stringValue":"Audit Success"}]}}},{"key":"outcome","value":{"stringValue":"success"}},{"key":"system_time","value":{"stringValue":"2026-04-10T16:25:47.9156482Z"}},{"key":"record_id","value":{"intValue":"834375"}},{"key":"level","value":{"stringValue":"Information"}},{"key":"execution","value":{"kvlistValue":{"values":[{"key":"process_id","value":{"intValue":"640"}},{"key":"thread_id","value":{"intValue":"5656"}}]}}},{"key":"correlation","value":{"kvlistValue":{"values":[{"key":"activity_id","value":{"stringValue":"{5772796b-a713-0001-f779-725713a7dc01}"}}]}}},{"key":"computer","value":{"stringValue":"glcwin2022"}},{"key":"channel","value":{"stringValue":"Security"}},{"key":"message","value":{"stringValue":"An account was successfully logged on.\n\nSubject:\n\tSecurity ID:\t\tS-1-0-0\n\tAccount Name:\t\t-\n\tAccount Domain:\t\t-\n\tLogon ID:\t\t0x0\n\nLogon Information:\n\tLogon Type:\t\t3\n\tRestricted Admin Mode:\t-\n\tVirtual Account:\t\tNo\n\tElevated Token:\t\tYes\n\nImpersonation Level:\t\tImpersonation\n\nNew Logon:\n\tSecurity ID:\t\tS-1-5-21-2637047489-2197293977-9275664-500\n\tAccount Name:\t\tAdministrator\n\tAccount Domain:\t\tGLCWIN2022\n\tLogon ID:\t\t0x297A8F1A\n\tLinked Logon ID:\t\t0x0\n\tNetwork Account Name:\t-\n\tNetwork Account Domain:\t-\n\tLogon GUID:\t\t{00000000-0000-0000-0000-000000000000}\n\nProcess Information:\n\tProcess ID:\t\t0x0\n\tProcess Name:\t\t-\n\nNetwork Information:\n\tWorkstation Name:\th2\n\tSource Network Address:\t31.150.102.150\n\tSource Port:\t\t0\n\nDetailed Authentication Information:\n\tLogon Process:\t\tNtLmSsp \n\tAuthentication Package:\tNTLM\n\tTransited Services:\t-\n\tPackage Name (NTLM only):\tNTLM V2\n\tKey Length:\t\t128\n\nThis event is generated when a logon session is created. It is generated on the computer that was accessed.\n\nThe subject fields indicate the account on the local system which requested the logon. This is most commonly a service such as the Server service, or a local process such as Winlogon.exe or Services.exe.\n\nThe logon type field indicates the kind of logon that occurred. The most common types are 2 (interactive) and 3 (network).\n\nThe New Logon fields indicate the account for whom the new logon was created, i.e. the account that was logged on.\n\nThe network fields indicate where a remote logon request originated. Workstation name is not always available and may be left blank in some cases.\n\nThe impersonation level field indicates the extent to which a process in the logon session can impersonate.\n\nThe authentication information fields provide detailed information about this specific logon request.\n\t- Logon GUID is a unique identifier that can be used to correlate this event with a KDC event.\n\t- Transited services indicate which intermediate services have participated in this logon request.\n\t- Package name indicates which sub-protocol was used among the NTLM protocols.\n\t- Key length indicates the length of the generated session key. This will be 0 if no session key was requested."}},{"key":"version","value":{"intValue":"2"}},{"key":"provider","value":{"kvlistValue":{"values":[{"key":"name","value":{"stringValue":"Microsoft-Windows-Security-Auditing"}},{"key":"guid","value":{"stringValue":"{54849625-5478-4994-a5ba-3e3b0328c30d}"}}]}}},{"key":"opcode","value":{"stringValue":"Info"}},{"key":"event_data","value":{"kvlistValue":{"values":[{"key":"TargetUserSid","value":{"stringValue":"S-1-5-21-2637047489-2197293977-9275664-500"}},{"key":"AuthenticationPackageName","value":{"stringValue":"NTLM"}},{"key":"WorkstationName","value":{"stringValue":"h2"}},{"key":"TransmittedServices","value":{"stringValue":"-"}},{"key":"KeyLength","value":{"stringValue":"128"}},{"key":"ProcessId","value":{"stringValue":"0x0"}},{"key":"IpAddress","value":{"stringValue":"31.150.102.150"}},{"key":"VirtualAccount","value":{"stringValue":"No"}},{"key":"SubjectUserSid","value":{"stringValue":"S-1-0-0"}},{"key":"SubjectLogonId","value":{"stringValue":"0x0"}},{"key":"ProcessName","value":{"stringValue":"-"}},{"key":"IpPort","value":{"stringValue":"0"}},{"key":"TargetLinkedLogonId","value":{"stringValue":"0x0"}},{"key":"ElevatedToken","value":{"stringValue":"Yes"}},{"key":"SubjectUserName","value":{"stringValue":"-"}},{"key":"SubjectDomainName","value":{"stringValue":"-"}},{"key":"TargetUserName","value":{"stringValue":"Administrator"}},{"key":"TargetDomainName","value":{"stringValue":"GLCWIN2022"}},{"key":"TargetLogonId","value":{"stringValue":"0x297a8f1a"}},{"key":"LogonGuid","value":{"stringValue":"{00000000-0000-0000-0000-000000000000}"}},{"key":"LmPackageName","value":{"stringValue":"NTLM V2"}},{"key":"TargetOutboundDomainName","value":{"stringValue":"-"}},{"key":"LogonType","value":{"stringValue":"3"}},{"key":"LogonProcessName","value":{"stringValue":"NtLmSsp "}},{"key":"ImpersonationLevel","value":{"stringValue":"Impersonation"}},{"key":"RestrictedAdminMode","value":{"stringValue":"-"}},{"key":"TargetOutboundUserName","value":{"stringValue":"-"}}]}}}]}},"observedTimeUnixNano":"1775838349729966400"}]}]}]}
{"resourceLogs":[{"resource":{},"scopeLogs":[{"scope":{},"logRecords":[{"timeUnixNano":"1776331703478811400","severityNumber":"SEVERITY_NUMBER_INFO","severityText":"INFO","body":{"kvlistValue":{"values":[{"key":"message","value":{"stringValue":"An account failed to log on.\n\nSubject:\n\tSecurity ID:\t\tS-1-0-0\n\tAccount Name:\t\t-\n\tAccount Domain:\t\t-\n\tLogon ID:\t\t0x0\n\nLogon Type:\t\t\t3\n\nAccount For Which Logon Failed:\n\tSecurity ID:\t\tS-1-0-0\n\tAccount Name:\t\tREMOTE\n\tAccount Domain:\t\t-\n\nFailure Information:\n\tFailure Reason:\t\tUnknown user name or bad password.\n\tStatus:\t\t\t0xC000006D\n\tSub Status:\t\t0xC0000064\n\nProcess Information:\n\tCaller Process ID:\t0x0\n\tCaller Process Name:\t-\n\nNetwork Information:\n\tWorkstation Name:\t-\n\tSource Network Address:\t108.221.24.75\n\tSource Port:\t\t0\n\nDetailed Authentication Information:\n\tLogon Process:\t\tNtLmSsp \n\tAuthentication Package:\tNTLM\n\tTransited Services:\t-\n\tPackage Name (NTLM only):\t-\n\tKey Length:\t\t0\n\nThis event is generated when a logon request fails. It is generated on the computer where access was attempted.\n\nThe Subject fields indicate the account on the local system which requested the logon. This is most commonly a service such as the Server service, or a local process such as Winlogon.exe or Services.exe.\n\nThe Logon Type field indicates the kind of logon that was requested. The most common types are 2 (interactive) and 3 (network).\n\nThe Process Information fields indicate which account and process on the system requested the logon.\n\nThe Network Information fields indicate where a remote logon request originated. Workstation name is not always available and may be left blank in some cases.\n\nThe authentication information fields provide detailed information about this specific logon request.\n\t- Transited services indicate which intermediate services have participated in this logon request.\n\t- Package name indicates which sub-protocol was used among the NTLM protocols.\n\t- Key length indicates the length of the generated session key. This will be 0 if no session key was requested."}},{"key":"execution","value":{"kvlistValue":{"values":[{"key":"process_id","value":{"intValue":"640"}},{"key":"thread_id","value":{"intValue":"11212"}}]}}},{"key":"provider","value":{"kvlistValue":{"values":[{"key":"name","value":{"stringValue":"Microsoft-Windows-Security-Auditing"}},{"key":"guid","value":{"stringValue":"{54849625-5478-4994-a5ba-3e3b0328c30d}"}}]}}},{"key":"task","value":{"stringValue":"Logon"}},{"key":"opcode","value":{"stringValue":"Info"}},{"key":"version","value":{"intValue":"0"}},{"key":"system_time","value":{"stringValue":"2026-04-16T09:28:23.4788114Z"}},{"key":"keywords","value":{"arrayValue":{"values":[{"stringValue":"Audit Failure"}]}}},{"key":"correlation","value":{"kvlistValue":{"values":[{"key":"activity_id","value":{"stringValue":"{5772796b-a713-0001-f779-725713a7dc01}"}}]}}},{"key":"outcome","value":{"stringValue":"failure"}},{"key":"computer","value":{"stringValue":"glcwin2022"}},{"key":"channel","value":{"stringValue":"Security"}},{"key":"record_id","value":{"intValue":"1081233"}},{"key":"event_data","value":{"kvlistValue":{"values":[{"key":"LogonType","value":{"stringValue":"3"}},{"key":"LmPackageName","value":{"stringValue":"-"}},{"key":"IpAddress","value":{"stringValue":"108.221.24.75"}},{"key":"IpPort","value":{"stringValue":"0"}},{"key":"SubjectUserName","value":{"stringValue":"-"}},{"key":"SubjectDomainName","value":{"stringValue":"-"}},{"key":"TargetUserSid","value":{"stringValue":"S-1-0-0"}},{"key":"TargetDomainName","value":{"stringValue":"-"}},{"key":"SubStatus","value":{"stringValue":"0xc0000064"}},{"key":"LogonProcessName","value":{"stringValue":"NtLmSsp "}},{"key":"TransmittedServices","value":{"stringValue":"-"}},{"key":"KeyLength","value":{"stringValue":"0"}},{"key":"SubjectLogonId","value":{"stringValue":"0x0"}},{"key":"TargetUserName","value":{"stringValue":"REMOTE"}},{"key":"WorkstationName","value":{"stringValue":"-"}},{"key":"ProcessName","value":{"stringValue":"-"}},{"key":"AuthenticationPackageName","value":{"stringValue":"NTLM"}},{"key":"ProcessId","value":{"stringValue":"0x0"}},{"key":"SubjectUserSid","value":{"stringValue":"S-1-0-0"}},{"key":"Status","value":{"stringValue":"0xc000006d"}},{"key":"FailureReason","value":{"stringValue":"Unknown user name or bad password."}}]}}},{"key":"event_id","value":{"kvlistValue":{"values":[{"key":"qualifiers","value":{"intValue":"0"}},{"key":"id","value":{"intValue":"4625"}}]}}},{"key":"level","value":{"stringValue":"Information"}}]}},"observedTimeUnixNano":"1776331704659647400"}]}]}]}
