{"resourceLogs":[{"resource":{},"scopeLogs":[{"scope":{},"logRecords":[{"timeUnixNano":"1772442211952869300","observedTimeUnixNano":"1772442213798773800","severityNumber":9,"severityText":"INFO","body":{"kvlistValue":{"values":[{"key":"event_id","value":{"kvlistValue":{"values":[{"key":"qualifiers","value":{"intValue":"0"}},{"key":"id","value":{"intValue":"4672"}}]}}},{"key":"computer","value":{"stringValue":"winserver01"}},{"key":"channel","value":{"stringValue":"Security"}},{"key":"level","value":{"stringValue":"Information"}},{"key":"opcode","value":{"stringValue":"Info"}},{"key":"outcome","value":{"stringValue":"success"}},{"key":"record_id","value":{"intValue":"227240"}},{"key":"message","value":{"stringValue":"Special privileges assigned to new logon.\n\nSubject:\n\tSecurity ID:\t\tS-1-5-18\n\tAccount Name:\t\tSYSTEM\n\tAccount Domain:\t\tNT AUTHORITY\n\tLogon ID:\t\t0x3E7\n\nPrivileges:\t\tSeAssignPrimaryTokenPrivilege\n\t\t\tSeTcbPrivilege\n\t\t\tSeSecurityPrivilege\n\t\t\tSeTakeOwnershipPrivilege\n\t\t\tSeLoadDriverPrivilege\n\t\t\tSeBackupPrivilege\n\t\t\tSeRestorePrivilege\n\t\t\tSeDebugPrivilege\n\t\t\tSeAuditPrivilege\n\t\t\tSeSystemEnvironmentPrivilege\n\t\t\tSeImpersonatePrivilege\n\t\t\tSeDelegateSessionUserImpersonatePrivilege"}},{"key":"execution","value":{"kvlistValue":{"values":[{"key":"thread_id","value":{"intValue":"4700"}},{"key":"process_id","value":{"intValue":"600"}}]}}},{"key":"provider","value":{"kvlistValue":{"values":[{"key":"name","value":{"stringValue":"Microsoft-Windows-Security-Auditing"}},{"key":"guid","value":{"stringValue":"{54849625-5478-4994-a5ba-3e3b0328c30d}"}}]}}},{"key":"system_time","value":{"stringValue":"2026-03-02T09:03:31.952869300Z"}},{"key":"task","value":{"stringValue":"Special Logon"}},{"key":"keywords","value":{"arrayValue":{"values":[{"stringValue":"Audit Success"}]}}},{"key":"event_data","value":{"kvlistValue":{"values":[{"key":"SubjectLogonId","value":{"stringValue":"0x3e7"}},{"key":"PrivilegeList","value":{"stringValue":"SeAssignPrimaryTokenPrivilege\n\t\t\tSeTcbPrivilege\n\t\t\tSeSecurityPrivilege\n\t\t\tSeTakeOwnershipPrivilege\n\t\t\tSeLoadDriverPrivilege\n\t\t\tSeBackupPrivilege\n\t\t\tSeRestorePrivilege\n\t\t\tSeDebugPrivilege\n\t\t\tSeAuditPrivilege\n\t\t\tSeSystemEnvironmentPrivilege\n\t\t\tSeImpersonatePrivilege\n\t\t\tSeDelegateSessionUserImpersonatePrivilege"}},{"key":"SubjectUserSid","value":{"stringValue":"S-1-5-18"}},{"key":"SubjectUserName","value":{"stringValue":"SYSTEM"}},{"key":"SubjectDomainName","value":{"stringValue":"NT AUTHORITY"}}]}}},{"key":"version","value":{"intValue":"0"}},{"key":"correlation","value":{"kvlistValue":{"values":[{"key":"activity_id","value":{"stringValue":"{11111111-aaaa-0001-bbbb-cccccccccccc}"}}]}}}]}}}]}]}]}
{"resourceLogs":[{"resource":{},"scopeLogs":[{"scope":{},"logRecords":[{"timeUnixNano":"1772442211952859800","observedTimeUnixNano":"1772442213797558400","severityNumber":9,"severityText":"INFO","body":{"kvlistValue":{"values":[{"key":"system_time","value":{"stringValue":"2026-03-02T09:03:31.952859800Z"}},{"key":"channel","value":{"stringValue":"Security"}},{"key":"level","value":{"stringValue":"Information"}},{"key":"keywords","value":{"arrayValue":{"values":[{"stringValue":"Audit Success"}]}}},{"key":"execution","value":{"kvlistValue":{"values":[{"key":"process_id","value":{"intValue":"600"}},{"key":"thread_id","value":{"intValue":"4700"}}]}}},{"key":"provider","value":{"kvlistValue":{"values":[{"key":"name","value":{"stringValue":"Microsoft-Windows-Security-Auditing"}},{"key":"guid","value":{"stringValue":"{54849625-5478-4994-a5ba-3e3b0328c30d}"}}]}}},{"key":"correlation","value":{"kvlistValue":{"values":[{"key":"activity_id","value":{"stringValue":"{11111111-aaaa-0001-bbbb-cccccccccccc}"}}]}}},{"key":"outcome","value":{"stringValue":"success"}},{"key":"computer","value":{"stringValue":"winserver01"}},{"key":"message","value":{"stringValue":"An account was successfully logged on.\n\nSubject:\n\tSecurity ID:\t\tS-1-5-18\n\tAccount Name:\t\tWINSERVER01$\n\tAccount Domain:\t\tWORKGROUP\n\tLogon ID:\t\t0x3E7\n\nLogon Information:\n\tLogon Type:\t\t5\n\tRestricted Admin Mode:\t-\n\tVirtual Account:\t\tNo\n\tElevated Token:\t\tYes\n\nImpersonation Level:\t\tImpersonation\n\nNew Logon:\n\tSecurity ID:\t\tS-1-5-18\n\tAccount Name:\t\tSYSTEM\n\tAccount Domain:\t\tNT AUTHORITY\n\tLogon ID:\t\t0x3E7\n\tLinked Logon ID:\t\t0x0\n\tNetwork Account Name:\t-\n\tNetwork Account Domain:\t-\n\tLogon GUID:\t\t{00000000-0000-0000-0000-000000000000}\n\nProcess Information:\n\tProcess ID:\t\t0x250\n\tProcess Name:\t\tC:\\Windows\\System32\\services.exe\n\nNetwork Information:\n\tWorkstation Name:\t-\n\tSource Network Address:\t-\n\tSource Port:\t\t-\n\nDetailed Authentication Information:\n\tLogon Process:\t\tAdvapi  \n\tAuthentication Package:\tNegotiate\n\tTransited Services:\t-\n\tPackage Name (NTLM only):\t-\n\tKey Length:\t\t0\n\nThis event is generated when a logon session is created. It is generated on the computer that was accessed.\n\nThe subject fields indicate the account on the local system which requested the logon. This is most commonly a service such as the Server service, or a local process such as Winlogon.exe or Services.exe.\n\nThe logon type field indicates the kind of logon that occurred. The most common types are 2 (interactive) and 3 (network).\n\nThe New Logon fields indicate the account for whom the new logon was created, i.e. the account that was logged on.\n\nThe network fields indicate where a remote logon request originated. Workstation name is not always available and may be left blank in some cases.\n\nThe impersonation level field indicates the extent to which a process in the logon session can impersonate.\n\nThe authentication information fields provide detailed information about this specific logon request.\n\t- Logon GUID is a unique identifier that can be used to correlate this event with a KDC event.\n\t- Transited services indicate which intermediate services have participated in this logon request.\n\t- Package name indicates which sub-protocol was used among the NTLM protocols.\n\t- Key length indicates the length of the generated session key. This will be 0 if no session key was requested."}},{"key":"version","value":{"intValue":"2"}},{"key":"event_id","value":{"kvlistValue":{"values":[{"key":"qualifiers","value":{"intValue":"0"}},{"key":"id","value":{"intValue":"4624"}}]}}},{"key":"record_id","value":{"intValue":"227239"}},{"key":"task","value":{"stringValue":"Logon"}},{"key":"opcode","value":{"stringValue":"Info"}},{"key":"event_data","value":{"kvlistValue":{"values":[{"key":"TargetUserSid","value":{"stringValue":"S-1-5-18"}},{"key":"LogonType","value":{"stringValue":"5"}},{"key":"TransmittedServices","value":{"stringValue":"-"}},{"key":"KeyLength","value":{"stringValue":"0"}},{"key":"ProcessName","value":{"stringValue":"C:\\Windows\\System32\\services.exe"}},{"key":"LogonProcessName","value":{"stringValue":"Advapi  "}},{"key":"LmPackageName","value":{"stringValue":"-"}},{"key":"IpPort","value":{"stringValue":"-"}},{"key":"ImpersonationLevel","value":{"stringValue":"Impersonation"}},{"key":"VirtualAccount","value":{"stringValue":"No"}},{"key":"ElevatedToken","value":{"stringValue":"Yes"}},{"key":"SubjectDomainName","value":{"stringValue":"WORKGROUP"}},{"key":"WorkstationName","value":{"stringValue":"-"}},{"key":"TargetOutboundUserName","value":{"stringValue":"-"}},{"key":"TargetOutboundDomainName","value":{"stringValue":"-"}},{"key":"TargetLinkedLogonId","value":{"stringValue":"0x0"}},{"key":"TargetUserName","value":{"stringValue":"SYSTEM"}},{"key":"TargetDomainName","value":{"stringValue":"NT AUTHORITY"}},{"key":"TargetLogonId","value":{"stringValue":"0x3e7"}},{"key":"AuthenticationPackageName","value":{"stringValue":"Negotiate"}},{"key":"LogonGuid","value":{"stringValue":"{00000000-0000-0000-0000-000000000000}"}},{"key":"ProcessId","value":{"stringValue":"0x250"}},{"key":"IpAddress","value":{"stringValue":"-"}},{"key":"RestrictedAdminMode","value":{"stringValue":"-"}},{"key":"SubjectUserSid","value":{"stringValue":"S-1-5-18"}},{"key":"SubjectUserName","value":{"stringValue":"WINSERVER01$"}},{"key":"SubjectLogonId","value":{"stringValue":"0x3e7"}}]}}}]}}}]}]}]}
{"resourceLogs":[{"resource":{},"scopeLogs":[{"scope":{},"logRecords":[{"timeUnixNano":"1772442211979076500","observedTimeUnixNano":"1772442213798773800","severityNumber":9,"severityText":"INFO","body":{"kvlistValue":{"values":[{"key":"computer","value":{"stringValue":"winserver01"}},{"key":"channel","value":{"stringValue":"System"}},{"key":"level","value":{"stringValue":"Information"}},{"key":"message","value":{"stringValue":"The Windows Update Medic Service service entered the running state."}},{"key":"task","value":{"stringValue":"0"}},{"key":"opcode","value":{"stringValue":"0"}},{"key":"event_id","value":{"kvlistValue":{"values":[{"key":"qualifiers","value":{"intValue":"16384"}},{"key":"id","value":{"intValue":"7036"}}]}}},{"key":"record_id","value":{"intValue":"187435"}},{"key":"keywords","value":{"arrayValue":{"values":[{"stringValue":"Classic"}]}}},{"key":"event_data","value":{"kvlistValue":{"values":[{"key":"param1","value":{"stringValue":"Windows Update Medic Service"}},{"key":"param2","value":{"stringValue":"running"}},{"key":"Binary","value":{"stringValue":"57006100610053004D0065006400690063005300760063002F0034000000"}}]}}},{"key":"version","value":{"intValue":"0"}},{"key":"execution","value":{"kvlistValue":{"values":[{"key":"process_id","value":{"intValue":"592"}},{"key":"thread_id","value":{"intValue":"3276"}}]}}},{"key":"provider","value":{"kvlistValue":{"values":[{"key":"name","value":{"stringValue":"Service Control Manager"}},{"key":"guid","value":{"stringValue":"{555908d1-a6d7-4695-8e1e-26931d2012f4}"}},{"key":"event_source","value":{"stringValue":"Service Control Manager"}}]}}},{"key":"system_time","value":{"stringValue":"2026-03-02T09:03:31.979076500Z"}}]}}}]}]}]}
{"resourceLogs":[{"resource":{},"scopeLogs":[{"scope":{},"logRecords":[{"timeUnixNano":"1772442060573495600","observedTimeUnixNano":"1772442061966978700","severityNumber":9,"severityText":"INFO","body":{"kvlistValue":{"values":[{"key":"channel","value":{"stringValue":"Security"}},{"key":"task","value":{"stringValue":"Logon"}},{"key":"version","value":{"intValue":"0"}},{"key":"event_id","value":{"kvlistValue":{"values":[{"key":"qualifiers","value":{"intValue":"0"}},{"key":"id","value":{"intValue":"4625"}}]}}},{"key":"provider","value":{"kvlistValue":{"values":[{"key":"name","value":{"stringValue":"Microsoft-Windows-Security-Auditing"}},{"key":"guid","value":{"stringValue":"{54849625-5478-4994-a5ba-3e3b0328c30d}"}}]}}},{"key":"opcode","value":{"stringValue":"Info"}},{"key":"execution","value":{"kvlistValue":{"values":[{"key":"process_id","value":{"intValue":"736"}},{"key":"thread_id","value":{"intValue":"836"}}]}}},{"key":"outcome","value":{"stringValue":"failure"}},{"key":"computer","value":{"stringValue":"winserver02"}},{"key":"message","value":{"stringValue":"An account failed to log on.\r\n\r\nSubject:\r\n\tSecurity ID:\t\tS-1-0-0\r\n\tAccount Name:\t\t-\r\n\tAccount Domain:\t\t-\r\n\tLogon ID:\t\t0x0\r\n\r\nLogon Type:\t\t\t3\r\n\r\nAccount For Which Logon Failed:\r\n\tSecurity ID:\t\tS-1-0-0\r\n\tAccount Name:\t\tUSER\r\n\tAccount Domain:\t\t-\r\n\r\nFailure Information:\r\n\tFailure Reason:\t\tUnknown user name or bad password.\r\n\tStatus:\t\t\t0xC000006D\r\n\tSub Status:\t\t0xC0000064\r\n\r\nProcess Information:\r\n\tCaller Process ID:\t0x0\r\n\tCaller Process Name:\t-\r\n\r\nNetwork Information:\r\n\tWorkstation Name:\t-\r\n\tSource Network Address:\t198.51.100.42\r\n\tSource Port:\t\t0\r\n\r\nDetailed Authentication Information:\r\n\tLogon Process:\t\tNtLmSsp \r\n\tAuthentication Package:\tNTLM\r\n\tTransited Services:\t-\r\n\tPackage Name (NTLM only):\t-\r\n\tKey Length:\t\t0\r\n\r\nThis event is generated when a logon request fails. It is generated on the computer where access was attempted.\r\n\r\nThe Subject fields indicate the account on the local system which requested the logon. This is most commonly a service such as the Server service, or a local process such as Winlogon.exe or Services.exe.\r\n\r\nThe Logon Type field indicates the kind of logon that was requested. The most common types are 2 (interactive) and 3 (network).\r\n\r\nThe Process Information fields indicate which account and process on the system requested the logon.\r\n\r\nThe Network Information fields indicate where a remote logon request originated. Workstation name is not always available and may be left blank in some cases.\r\n\r\nThe authentication information fields provide detailed information about this specific logon request.\r\n\t- Transited services indicate which intermediate services have participated in this logon request.\r\n\t- Package name indicates which sub-protocol was used among the NTLM protocols.\r\n\t- Key length indicates the length of the generated session key. This will be 0 if no session key was requested."}},{"key":"keywords","value":{"arrayValue":{"values":[{"stringValue":"Audit Failure"}]}}},{"key":"event_data","value":{"kvlistValue":{"values":[{"key":"KeyLength","value":{"stringValue":"0"}},{"key":"ProcessId","value":{"stringValue":"0x0"}},{"key":"ProcessName","value":{"stringValue":"-"}},{"key":"SubjectDomainName","value":{"stringValue":"-"}},{"key":"SubStatus","value":{"stringValue":"0xc0000064"}},{"key":"LogonType","value":{"stringValue":"3"}},{"key":"LmPackageName","value":{"stringValue":"-"}},{"key":"SubjectUserSid","value":{"stringValue":"S-1-0-0"}},{"key":"TargetUserSid","value":{"stringValue":"S-1-0-0"}},{"key":"TargetUserName","value":{"stringValue":"USER"}},{"key":"IpAddress","value":{"stringValue":"198.51.100.42"}},{"key":"SubjectUserName","value":{"stringValue":"-"}},{"key":"SubjectLogonId","value":{"stringValue":"0x0"}},{"key":"TargetDomainName","value":{"stringValue":"-"}},{"key":"TransmittedServices","value":{"stringValue":"-"}},{"key":"IpPort","value":{"stringValue":"0"}},{"key":"Status","value":{"stringValue":"0xc000006d"}},{"key":"FailureReason","value":{"stringValue":"Unknown user name or bad password."}},{"key":"LogonProcessName","value":{"stringValue":"NtLmSsp "}},{"key":"AuthenticationPackageName","value":{"stringValue":"NTLM"}},{"key":"WorkstationName","value":{"stringValue":"-"}}]}}},{"key":"correlation","value":{"kvlistValue":{"values":[{"key":"activity_id","value":{"stringValue":"{22222222-aaaa-0001-bbbb-cccccccccccc}"}}]}}},{"key":"system_time","value":{"stringValue":"2026-03-02T09:01:00.5734956Z"}},{"key":"record_id","value":{"intValue":"149486"}},{"key":"level","value":{"stringValue":"Information"}}]}}}]}]}]}
{"resourceLogs":[{"resource":{},"scopeLogs":[{"scope":{},"logRecords":[{"timeUnixNano":"1772442160455206600","observedTimeUnixNano":"1772442162007145500","severityNumber":9,"severityText":"INFO","body":{"kvlistValue":{"values":[{"key":"keywords","value":{"arrayValue":{"values":[{"stringValue":"Audit Failure"}]}}},{"key":"execution","value":{"kvlistValue":{"values":[{"key":"process_id","value":{"intValue":"736"}},{"key":"thread_id","value":{"intValue":"836"}}]}}},{"key":"level","value":{"stringValue":"Information"}},{"key":"task","value":{"stringValue":"Logon"}},{"key":"version","value":{"intValue":"0"}},{"key":"correlation","value":{"kvlistValue":{"values":[{"key":"activity_id","value":{"stringValue":"{22222222-aaaa-0001-bbbb-cccccccccccc}"}}]}}},{"key":"event_id","value":{"kvlistValue":{"values":[{"key":"id","value":{"intValue":"4625"}},{"key":"qualifiers","value":{"intValue":"0"}}]}}},{"key":"computer","value":{"stringValue":"winserver02"}},{"key":"message","value":{"stringValue":"An account failed to log on.\r\n\r\nSubject:\r\n\tSecurity ID:\t\tS-1-0-0\r\n\tAccount Name:\t\t-\r\n\tAccount Domain:\t\t-\r\n\tLogon ID:\t\t0x0\r\n\r\nLogon Type:\t\t\t3\r\n\r\nAccount For Which Logon Failed:\r\n\tSecurity ID:\t\tS-1-0-0\r\n\tAccount Name:\t\tUSER1\r\n\tAccount Domain:\t\t-\r\n\r\nFailure Information:\r\n\tFailure Reason:\t\tUnknown user name or bad password.\r\n\tStatus:\t\t\t0xC000006D\r\n\tSub Status:\t\t0xC0000064\r\n\r\nProcess Information:\r\n\tCaller Process ID:\t0x0\r\n\tCaller Process Name:\t-\r\n\r\nNetwork Information:\r\n\tWorkstation Name:\t-\r\n\tSource Network Address:\t198.51.100.42\r\n\tSource Port:\t\t0\r\n\r\nDetailed Authentication Information:\r\n\tLogon Process:\t\tNtLmSsp \r\n\tAuthentication Package:\tNTLM\r\n\tTransited Services:\t-\r\n\tPackage Name (NTLM only):\t-\r\n\tKey Length:\t\t0\r\n\r\nThis event is generated when a logon request fails. It is generated on the computer where access was attempted.\r\n\r\nThe Subject fields indicate the account on the local system which requested the logon. This is most commonly a service such as the Server service, or a local process such as Winlogon.exe or Services.exe.\r\n\r\nThe Logon Type field indicates the kind of logon that was requested. The most common types are 2 (interactive) and 3 (network).\r\n\r\nThe Process Information fields indicate which account and process on the system requested the logon.\r\n\r\nThe Network Information fields indicate where a remote logon request originated. Workstation name is not always available and may be left blank in some cases.\r\n\r\nThe authentication information fields provide detailed information about this specific logon request.\r\n\t- Transited services indicate which intermediate services have participated in this logon request.\r\n\t- Package name indicates which sub-protocol was used among the NTLM protocols.\r\n\t- Key length indicates the length of the generated session key. This will be 0 if no session key was requested."}},{"key":"opcode","value":{"stringValue":"Info"}},{"key":"provider","value":{"kvlistValue":{"values":[{"key":"name","value":{"stringValue":"Microsoft-Windows-Security-Auditing"}},{"key":"guid","value":{"stringValue":"{54849625-5478-4994-a5ba-3e3b0328c30d}"}}]}}},{"key":"system_time","value":{"stringValue":"2026-03-02T09:02:40.4552066Z"}},{"key":"channel","value":{"stringValue":"Security"}},{"key":"record_id","value":{"intValue":"149487"}},{"key":"event_data","value":{"kvlistValue":{"values":[{"key":"TargetDomainName","value":{"stringValue":"-"}},{"key":"LogonProcessName","value":{"stringValue":"NtLmSsp "}},{"key":"IpPort","value":{"stringValue":"0"}},{"key":"SubjectUserName","value":{"stringValue":"-"}},{"key":"SubjectDomainName","value":{"stringValue":"-"}},{"key":"SubStatus","value":{"stringValue":"0xc0000064"}},{"key":"IpAddress","value":{"stringValue":"198.51.100.42"}},{"key":"TargetUserName","value":{"stringValue":"USER1"}},{"key":"Status","value":{"stringValue":"0xc000006d"}},{"key":"FailureReason","value":{"stringValue":"Unknown user name or bad password."}},{"key":"TransmittedServices","value":{"stringValue":"-"}},{"key":"LmPackageName","value":{"stringValue":"-"}},{"key":"KeyLength","value":{"stringValue":"0"}},{"key":"ProcessId","value":{"stringValue":"0x0"}},{"key":"SubjectUserSid","value":{"stringValue":"S-1-0-0"}},{"key":"TargetUserSid","value":{"stringValue":"S-1-0-0"}},{"key":"LogonType","value":{"stringValue":"3"}},{"key":"AuthenticationPackageName","value":{"stringValue":"NTLM"}},{"key":"WorkstationName","value":{"stringValue":"-"}},{"key":"ProcessName","value":{"stringValue":"-"}},{"key":"SubjectLogonId","value":{"stringValue":"0x0"}}]}}},{"key":"outcome","value":{"stringValue":"failure"}}]}}}]}]}]}
